<?xml version="1.0" encoding="UTF-8"?>
<testng-results skipped="0" failed="0" total="1" passed="1">
  <reporter-output>
  </reporter-output>
  <suite name="Default suite" duration-ms="32786" started-at="2015-07-16T04:47:36Z" finished-at="2015-07-16T04:48:09Z">
    <groups>
    </groups>
    <test name="Default test" duration-ms="32786" started-at="2015-07-16T04:47:36Z" finished-at="2015-07-16T04:48:09Z">
      <class name="Scripts.PlaceOrder">
        <test-method status="PASS" signature="beforeMethod()[pri:0, instance:Scripts.PlaceOrder@9d3f8b]" name="beforeMethod" is-config="true" duration-ms="28676" started-at="2015-07-16T10:17:36Z" finished-at="2015-07-16T10:18:05Z">
          <reporter-output>
          </reporter-output>
        </test-method> <!-- beforeMethod -->
        <test-method status="PASS" signature="main()[pri:0, instance:Scripts.PlaceOrder@9d3f8b]" name="main" duration-ms="3730" started-at="2015-07-16T10:18:05Z" finished-at="2015-07-16T10:18:08Z">
          <reporter-output>
          </reporter-output>
        </test-method> <!-- main -->
        <test-method status="PASS" signature="afterMethod()[pri:0, instance:Scripts.PlaceOrder@9d3f8b]" name="afterMethod" is-config="true" duration-ms="347" started-at="2015-07-16T10:18:08Z" finished-at="2015-07-16T10:18:09Z">
          <reporter-output>
          </reporter-output>
        </test-method> <!-- afterMethod -->
      </class> <!-- Scripts.PlaceOrder -->
    </test> <!-- Default test -->
  </suite> <!-- Default suite -->
</testng-results>
